<?xml version="1.0" encoding="UTF-8"?>
<testng-results skipped="0" failed="0" ignored="0" total="2" passed="2">
  <reporter-output>
  </reporter-output>
  <suite name="TestRunner" duration-ms="9618" started-at="2018-09-16T21:58:30Z" finished-at="2018-09-16T21:58:40Z">
    <groups>
    </groups>
    <test name="Command line test" duration-ms="9618" started-at="2018-09-16T21:58:30Z" finished-at="2018-09-16T21:58:40Z">
      <class name="TestRunner">
        <test-method status="PASS" signature="launchApplication()[pri:0, instance:TestRunner@38082d64]" name="launchApplication" duration-ms="9599" started-at="2018-09-16T21:58:30Z" finished-at="2018-09-16T21:58:40Z">
          <reporter-output>
          </reporter-output>
        </test-method> <!-- launchApplication -->
        <test-method status="PASS" signature="testMethod()[pri:0, instance:TestRunner@38082d64]" name="testMethod" duration-ms="0" started-at="2018-09-16T21:58:40Z" finished-at="2018-09-16T21:58:40Z">
          <reporter-output>
          </reporter-output>
        </test-method> <!-- testMethod -->
      </class> <!-- TestRunner -->
    </test> <!-- Command line test -->
  </suite> <!-- TestRunner -->
</testng-results>
